<?xml version="1.0" encoding="UTF-8"?>
<testsuite name="com.filemover.DirectoryClassTest" time="0.096" tests="6" errors="1" skipped="0" failures="0">
  <properties>
[...]
</properties>
  <testcase name="testWithRootFolder" classname="com.filemover.DirectoryClassTest" time="0.089">
    <error message="-1" type="java.lang.ArrayIndexOutOfBoundsException">java.lang.ArrayIndexOutOfBoundsException: -1
	at com.filemover.DirectoryClass.validate(DirectoryClass.java:58)
	at com.filemover.DirectoryClassTest.testWithRootFolder(DirectoryClassTest.java:79)
</error>
    <system-out><![CDATA[22:33:13.860 [main] DEBUG o.s.t.c.j.SpringJUnit4ClassRunner - SpringJUnit4ClassRunner constructor called with [class com.filemover.FileMoverApplicationTests]
22:33:13.865 [main] DEBUG o.s.test.context.BootstrapUtils - Instantiating CacheAwareContextLoaderDelegate from class [org.springframework.test.context.cache.DefaultCacheAwareContextLoaderDelegate]
22:33:13.869 [main] DEBUG o.s.test.context.BootstrapUtils - Instantiating BootstrapContext using constructor [public org.springframework.test.context.support.DefaultBootstrapContext(java.lang.Class,org.springframework.test.context.CacheAwareContextLoaderDelegate)]
22:33:13.877 [main] DEBUG o.s.test.context.BootstrapUtils - Instantiating TestContextBootstrapper for test class [com.filemover.FileMoverApplicationTests] from class [org.springframework.test.context.support.DefaultTestContextBootstrapper]
22:33:13.893 [main] DEBUG o.s.t.c.s.DefaultTestContextBootstrapper - Found explicit ContextLoader class [org.springframework.boot.test.SpringApplicationContextLoader] for context configuration attributes [ContextConfigurationAttributes@553f17c declaringClass = 'com.filemover.FileMoverApplicationTests', classes = '{class com.filemover.FileMoverApplication}', locations = '{}', inheritLocations = true, initializers = '{}', inheritInitializers = true, name = [null], contextLoaderClass = 'org.springframework.boot.test.SpringApplicationContextLoader']
22:33:13.897 [main] DEBUG o.s.t.c.s.AbstractContextLoader - Did not detect default resource location for test class [com.filemover.FileMoverApplicationTests]: class path resource [com/filemover/FileMoverApplicationTests-context.xml] does not exist
22:33:13.897 [main] DEBUG o.s.t.c.s.AbstractContextLoader - Did not detect default resource location for test class [com.filemover.FileMoverApplicationTests]: class path resource [com/filemover/FileMoverApplicationTestsContext.groovy] does not exist
22:33:13.897 [main] INFO  o.s.t.c.s.AbstractContextLoader - Could not detect default resource locations for test class [com.filemover.FileMoverApplicationTests]: no resource found for suffixes {-context.xml, Context.groovy}.
22:33:13.899 [main] DEBUG o.s.t.c.support.ActiveProfilesUtils - Could not find an 'annotation declaring class' for annotation type [org.springframework.test.context.ActiveProfiles] and class [com.filemover.FileMoverApplicationTests]
22:33:13.902 [main] DEBUG o.s.t.c.s.DefaultTestContextBootstrapper - @TestExecutionListeners is not present for class [com.filemover.FileMoverApplicationTests]: using defaults.
22:33:13.906 [main] INFO  o.s.t.c.s.DefaultTestContextBootstrapper - Loaded default TestExecutionListener class names from location [META-INF/spring.factories]: [org.springframework.test.context.web.ServletTestExecutionListener, org.springframework.test.context.support.DirtiesContextBeforeModesTestExecutionListener, org.springframework.test.context.support.DependencyInjectionTestExecutionListener, org.springframework.test.context.support.DirtiesContextTestExecutionListener, org.springframework.test.context.transaction.TransactionalTestExecutionListener, org.springframework.test.context.jdbc.SqlScriptsTestExecutionListener]
22:33:13.910 [main] INFO  o.s.t.c.s.DefaultTestContextBootstrapper - Could not instantiate TestExecutionListener [org.springframework.test.context.web.ServletTestExecutionListener]. Specify custom listener classes or make the default listener classes (and their required dependencies) available. Offending class: [javax/servlet/ServletContext]
22:33:13.910 [main] INFO  o.s.t.c.s.DefaultTestContextBootstrapper - Could not instantiate TestExecutionListener [org.springframework.test.context.jdbc.SqlScriptsTestExecutionListener]. Specify custom listener classes or make the default listener classes (and their required dependencies) available. Offending class: [org/springframework/transaction/interceptor/TransactionAttribute]
22:33:13.911 [main] INFO  o.s.t.c.s.DefaultTestContextBootstrapper - Could not instantiate TestExecutionListener [org.springframework.test.context.transaction.TransactionalTestExecutionListener]. Specify custom listener classes or make the default listener classes (and their required dependencies) available. Offending class: [org/springframework/transaction/interceptor/TransactionAttributeSource]
22:33:13.912 [main] INFO  o.s.t.c.s.DefaultTestContextBootstrapper - Using TestExecutionListeners: [org.springframework.test.context.support.DirtiesContextBeforeModesTestExecutionListener@47ef968d, org.springframework.test.context.support.DependencyInjectionTestExecutionListener@23e028a9, org.springframework.test.context.support.DirtiesContextTestExecutionListener@3dd4520b]
22:33:13.914 [main] DEBUG o.s.t.annotation.ProfileValueUtils - Retrieved @ProfileValueSourceConfiguration [null] for test class [com.filemover.FileMoverApplicationTests]
22:33:13.914 [main] DEBUG o.s.t.annotation.ProfileValueUtils - Retrieved ProfileValueSource type [class org.springframework.test.annotation.SystemProfileValueSource] for class [com.filemover.FileMoverApplicationTests]
]]></system-out>
  </testcase>
  <testcase name="testWithNormalFolder" classname="com.filemover.DirectoryClassTest" time="0.004"/>
  <testcase name="testWithShortFolder" classname="com.filemover.DirectoryClassTest" time="0"/>
  <testcase name="testWithIOException" classname="com.filemover.DirectoryClassTest" time="0.002"/>
  <testcase name="testWithNullFolder" classname="com.filemover.DirectoryClassTest" time="0"/>
  <testcase name="testWithNormalFolderEndingWithSlash" classname="com.filemover.DirectoryClassTest" time="0.001"/>
</testsuite>